[0m20:31:45.580568 [debug] [MainThread]: Sending event: {'category': 'dbt', 'action': 'invocation', 'label': 'start', 'context': [<snowplow_tracker.self_describing_json.SelfDescribingJson object at 0x1080fecf0>, <snowplow_tracker.self_describing_json.SelfDescribingJson object at 0x109643390>, <snowplow_tracker.self_describing_json.SelfDescribingJson object at 0x109643610>]}


============================== 20:31:45.582732 | 4c97584a-b2d9-4167-9598-a631a8ba4a40 ==============================
[0m20:31:45.582732 [info ] [MainThread]: Running with dbt=1.11.7
[0m20:31:45.582955 [debug] [MainThread]: running dbt with arguments {'use_experimental_parser': 'False', 'cache_selected_only': 'False', 'partial_parse': 'True', 'fail_fast': 'False', 'use_colors': 'True', 'invocation_command': 'dbt init --skip-profile-setup airbnb', 'no_print': 'None', 'empty': 'None', 'target_path': 'None', 'profiles_dir': '/Users/jirat/.dbt', 'log_format': 'default', 'warn_error': 'None', 'send_anonymous_usage_stats': 'True', 'quiet': 'False', 'version_check': 'True', 'log_cache_events': 'False', 'log_path': 'logs', 'indirect_selection': 'eager', 'static_parser': 'True', 'introspect': 'True', 'debug': 'False', 'warn_error_options': 'WarnErrorOptionsV2(error=[], warn=[], silence=[])', 'write_json': 'True', 'printer_width': '80'}
[0m20:31:45.606590 [info ] [MainThread]: Creating dbt configuration folder at /Users/jirat/.dbt
[0m20:31:45.607806 [debug] [MainThread]: Starter project path: /Users/jirat/Desktop/course/.venv/lib/python3.13/site-packages/dbt/include/starter_project
[0m20:31:45.614511 [info ] [MainThread]: 
Your new dbt project "airbnb" was created!

For more information on how to configure the profiles.yml file,
please consult the dbt documentation here:

  https://docs.getdbt.com/docs/configure-your-profile

One more thing:

Need help? Don't hesitate to reach out to us via GitHub issues or on Slack:

  https://community.getdbt.com/

Happy modeling!

[0m20:31:45.614795 [debug] [MainThread]: Resource report: {"command_name": "init", "command_success": true, "command_wall_clock_time": 0.06584567, "process_in_blocks": "0", "process_kernel_time": 0.096863, "process_mem_max_rss": "115294208", "process_out_blocks": "0", "process_user_time": 0.461864}
[0m20:31:45.615010 [debug] [MainThread]: Command `dbt init` succeeded at 20:31:45.614958 after 0.07 seconds
[0m20:31:45.615142 [debug] [MainThread]: Sending event: {'category': 'dbt', 'action': 'invocation', 'label': 'end', 'context': [<snowplow_tracker.self_describing_json.SelfDescribingJson object at 0x109682780>, <snowplow_tracker.self_describing_json.SelfDescribingJson object at 0x1097579b0>, <snowplow_tracker.self_describing_json.SelfDescribingJson object at 0x109700050>]}
[0m20:31:45.615262 [debug] [MainThread]: Flushing usage events
[0m20:31:46.761780 [debug] [MainThread]: An error was encountered while trying to flush usage events
